!SESSION 2017-03-03 10:27:29.691 -----------------------------------------------
eclipse.buildId=unknown
java.version=1.8.0_121
java.vendor=Oracle Corporation
BootLoader constants: OS=linux, ARCH=x86_64, WS=gtk, NL=uk_UA

!ENTRY org.eclipse.equinox.ds 4 0 2017-03-03 10:27:29.691
!MESSAGE Could not bind a reference of component org.wso2.carbon.caching.impl.internal.CachingServiceComponent. The reference is: Reference[name = distributedMapProvider, interface = org.wso2.carbon.caching.impl.DistributedMapProvider, policy = dynamic, cardinality = 0..1, target = null, bind = setDistributedMapProvider, unbind = unsetDistributedMapProvider]

!ENTRY org.eclipse.equinox.ds 4 0 2017-03-03 10:27:29.692
!MESSAGE Could not bind a reference of component org.wso2.carbon.caching.impl.internal.CachingServiceComponent. The reference is: Reference[name = distributedMapProvider, interface = org.wso2.carbon.caching.impl.DistributedMapProvider, policy = dynamic, cardinality = 0..1, target = null, bind = setDistributedMapProvider, unbind = unsetDistributedMapProvider]

!ENTRY org.eclipse.equinox.ds 4 0 2017-03-03 10:27:30.300
!MESSAGE Could not bind a reference of component org.wso2.carbon.ndatasource. The reference is: Reference[name = registry.service, interface = org.wso2.carbon.registry.core.service.RegistryService, policy = dynamic, cardinality = 0..1, target = null, bind = setRegistryService, unbind = unsetRegistryService]

!ENTRY org.eclipse.equinox.ds 4 0 2017-03-03 10:27:30.301
!MESSAGE Could not bind a reference of component org.wso2.carbon.ndatasource. The reference is: Reference[name = registry.service, interface = org.wso2.carbon.registry.core.service.RegistryService, policy = dynamic, cardinality = 0..1, target = null, bind = setRegistryService, unbind = unsetRegistryService]

!ENTRY org.eclipse.equinox.ds 4 0 2017-03-03 10:27:30.838
!MESSAGE Could not bind a reference of component org.wso2.carbon.ndatasource. The reference is: Reference[name = user.realmservice.default, interface = org.wso2.carbon.user.core.service.RealmService, policy = dynamic, cardinality = 0..1, target = null, bind = setRealmService, unbind = unsetRealmService]

!ENTRY org.eclipse.equinox.ds 4 0 2017-03-03 10:27:30.838
!MESSAGE Could not bind a reference of component org.wso2.carbon.ndatasource. The reference is: Reference[name = user.realmservice.default, interface = org.wso2.carbon.user.core.service.RealmService, policy = dynamic, cardinality = 0..1, target = null, bind = setRealmService, unbind = unsetRealmService]

!ENTRY org.eclipse.equinox.ds 4 0 2017-03-03 10:27:30.839
!MESSAGE Could not bind a reference of component org.wso2.carbon.ndatasource. The reference is: Reference[name = config.context.service, interface = org.wso2.carbon.utils.ConfigurationContextService, policy = dynamic, cardinality = 0..1, target = null, bind = setConfigurationContextService, unbind = unsetConfigurationContextService]

!ENTRY org.eclipse.equinox.ds 4 0 2017-03-03 10:27:30.839
!MESSAGE Could not bind a reference of component org.wso2.carbon.ndatasource. The reference is: Reference[name = config.context.service, interface = org.wso2.carbon.utils.ConfigurationContextService, policy = dynamic, cardinality = 0..1, target = null, bind = setConfigurationContextService, unbind = unsetConfigurationContextService]

!ENTRY org.eclipse.equinox.ds 4 0 2017-03-03 10:27:30.906
!MESSAGE Could not bind a reference of component org.wso2.carbon.redirector.servlet.activation. The reference is: Reference[name = activation.service, interface = org.wso2.carbon.activation.service.ActivationService, policy = dynamic, cardinality = 0..1, target = null, bind = setActivationService, unbind = unsetActivationService]

!ENTRY org.eclipse.equinox.ds 4 0 2017-03-03 10:27:30.907
!MESSAGE Could not bind a reference of component org.wso2.carbon.redirector.servlet.activation. The reference is: Reference[name = activation.service, interface = org.wso2.carbon.activation.service.ActivationService, policy = dynamic, cardinality = 0..1, target = null, bind = setActivationService, unbind = unsetActivationService]

!ENTRY org.eclipse.equinox.ds 4 0 2017-03-03 10:27:30.916
!MESSAGE [SCR] Exception while activating instance org.wso2.carbon.redirector.servlet.internal.RedirectorServletActivationServiceComponent@7421f773 of component org.wso2.carbon.redirector.servlet.activation  
!STACK 0
java.lang.NoClassDefFoundError: org/wso2/carbon/activation/service/ActivationService
	at java.lang.Class.getDeclaredMethods0(Native Method)
	at java.lang.Class.privateGetDeclaredMethods(Class.java:2701)
	at java.lang.Class.getDeclaredMethod(Class.java:2128)
	at org.eclipse.equinox.internal.ds.model.ServiceComponent.getMethod(ServiceComponent.java:156)
	at org.eclipse.equinox.internal.ds.model.ServiceComponent.activate(ServiceComponent.java:253)
	at org.eclipse.equinox.internal.ds.model.ServiceComponentProp.activate(ServiceComponentProp.java:146)
	at org.eclipse.equinox.internal.ds.model.ServiceComponentProp.build(ServiceComponentProp.java:345)
	at org.eclipse.equinox.internal.ds.InstanceProcess.buildComponent(InstanceProcess.java:620)
	at org.eclipse.equinox.internal.ds.InstanceProcess.buildComponents(InstanceProcess.java:197)
	at org.eclipse.equinox.internal.ds.Resolver.buildNewlySatisfied(Resolver.java:473)
	at org.eclipse.equinox.internal.ds.Resolver.enableComponents(Resolver.java:217)
	at org.eclipse.equinox.internal.ds.SCRManager.performWork(SCRManager.java:816)
	at org.eclipse.equinox.internal.ds.SCRManager$QueuedJob.dispatch(SCRManager.java:783)
	at org.eclipse.equinox.internal.ds.WorkThread.run(WorkThread.java:89)
	at java.lang.Thread.run(Thread.java:745)
Caused by: java.lang.ClassNotFoundException: org.wso2.carbon.activation.service.ActivationService cannot be found by org.wso2.carbon.tenant.redirector.servlet_4.6.0
	at org.eclipse.osgi.internal.loader.BundleLoader.findClassInternal(BundleLoader.java:501)
	at org.eclipse.osgi.internal.loader.BundleLoader.findClass(BundleLoader.java:421)
	at org.eclipse.osgi.internal.loader.BundleLoader.findClass(BundleLoader.java:412)
	at org.eclipse.osgi.internal.baseadaptor.DefaultClassLoader.loadClass(DefaultClassLoader.java:107)
	at java.lang.ClassLoader.loadClass(ClassLoader.java:357)
	... 15 more

!ENTRY org.eclipse.equinox.ds 4 0 2017-03-03 10:27:30.918
!MESSAGE [SCR] Exception while activating instance org.wso2.carbon.redirector.servlet.internal.RedirectorServletActivationServiceComponent@7421f773 of component org.wso2.carbon.redirector.servlet.activation  
!STACK 0
java.lang.NoClassDefFoundError: org/wso2/carbon/activation/service/ActivationService
	at java.lang.Class.getDeclaredMethods0(Native Method)
	at java.lang.Class.privateGetDeclaredMethods(Class.java:2701)
	at java.lang.Class.getDeclaredMethod(Class.java:2128)
	at org.eclipse.equinox.internal.ds.model.ServiceComponent.getMethod(ServiceComponent.java:156)
	at org.eclipse.equinox.internal.ds.model.ServiceComponent.activate(ServiceComponent.java:253)
	at org.eclipse.equinox.internal.ds.model.ServiceComponentProp.activate(ServiceComponentProp.java:146)
	at org.eclipse.equinox.internal.ds.model.ServiceComponentProp.build(ServiceComponentProp.java:345)
	at org.eclipse.equinox.internal.ds.InstanceProcess.buildComponent(InstanceProcess.java:620)
	at org.eclipse.equinox.internal.ds.InstanceProcess.buildComponents(InstanceProcess.java:197)
	at org.eclipse.equinox.internal.ds.Resolver.buildNewlySatisfied(Resolver.java:473)
	at org.eclipse.equinox.internal.ds.Resolver.enableComponents(Resolver.java:217)
	at org.eclipse.equinox.internal.ds.SCRManager.performWork(SCRManager.java:816)
	at org.eclipse.equinox.internal.ds.SCRManager$QueuedJob.dispatch(SCRManager.java:783)
	at org.eclipse.equinox.internal.ds.WorkThread.run(WorkThread.java:89)
	at java.lang.Thread.run(Thread.java:745)
Caused by: java.lang.ClassNotFoundException: org.wso2.carbon.activation.service.ActivationService cannot be found by org.wso2.carbon.tenant.redirector.servlet_4.6.0
	at org.eclipse.osgi.internal.loader.BundleLoader.findClassInternal(BundleLoader.java:501)
	at org.eclipse.osgi.internal.loader.BundleLoader.findClass(BundleLoader.java:421)
	at org.eclipse.osgi.internal.loader.BundleLoader.findClass(BundleLoader.java:412)
	at org.eclipse.osgi.internal.baseadaptor.DefaultClassLoader.loadClass(DefaultClassLoader.java:107)
	at java.lang.ClassLoader.loadClass(ClassLoader.java:357)
	... 15 more

!ENTRY org.eclipse.equinox.ds 4 0 2017-03-03 10:27:30.923
!MESSAGE Could not bind a reference of component org.wso2.carbon.redirector.servlet.activation. The reference is: Reference[name = activation.service, interface = org.wso2.carbon.activation.service.ActivationService, policy = dynamic, cardinality = 0..1, target = null, bind = setActivationService, unbind = unsetActivationService]

!ENTRY org.eclipse.equinox.ds 4 0 2017-03-03 10:27:30.923
!MESSAGE Could not bind a reference of component org.wso2.carbon.redirector.servlet.activation. The reference is: Reference[name = activation.service, interface = org.wso2.carbon.activation.service.ActivationService, policy = dynamic, cardinality = 0..1, target = null, bind = setActivationService, unbind = unsetActivationService]

!ENTRY org.eclipse.equinox.ds 4 0 2017-03-03 10:27:31.276
!MESSAGE Could not bind a reference of component org.wso2.carbon.tomcat.internal.CarbonTomcatServiceComponent. The reference is: Reference[name = sci, interface = javax.servlet.ServletContainerInitializer, policy = dynamic, cardinality = 0..n, target = null, bind = setServletContainerInitializer, unbind = unsetServletContainerInitializer]

!ENTRY org.eclipse.equinox.ds 4 0 2017-03-03 10:27:31.277
!MESSAGE Could not bind a reference of component org.wso2.carbon.tomcat.internal.CarbonTomcatServiceComponent. The reference is: Reference[name = sci, interface = javax.servlet.ServletContainerInitializer, policy = dynamic, cardinality = 0..n, target = null, bind = setServletContainerInitializer, unbind = unsetServletContainerInitializer]

!ENTRY org.eclipse.equinox.ds 4 0 2017-03-03 10:27:32.982
!MESSAGE Could not bind a reference of component registry.core.dscomponent. The reference is: Reference[name = statistics.collector, interface = org.wso2.carbon.registry.core.statistics.StatisticsCollector, policy = dynamic, cardinality = 0..n, target = null, bind = setStatisticsCollector, unbind = unsetStatisticsCollector]

!ENTRY org.eclipse.equinox.ds 4 0 2017-03-03 10:27:32.982
!MESSAGE Could not bind a reference of component registry.core.dscomponent. The reference is: Reference[name = statistics.collector, interface = org.wso2.carbon.registry.core.statistics.StatisticsCollector, policy = dynamic, cardinality = 0..n, target = null, bind = setStatisticsCollector, unbind = unsetStatisticsCollector]

!ENTRY org.eclipse.equinox.ds 4 0 2017-03-03 10:27:32.982
!MESSAGE Could not bind a reference of component registry.core.dscomponent. The reference is: Reference[name = CacheInvalidator, interface = org.wso2.carbon.caching.impl.CacheInvalidator, policy = dynamic, cardinality = 0..n, target = null, bind = setCacheInvalidatorService, unbind = unSetCacheInvalidatorService]

!ENTRY org.eclipse.equinox.ds 4 0 2017-03-03 10:27:32.983
!MESSAGE Could not bind a reference of component registry.core.dscomponent. The reference is: Reference[name = CacheInvalidator, interface = org.wso2.carbon.caching.impl.CacheInvalidator, policy = dynamic, cardinality = 0..n, target = null, bind = setCacheInvalidatorService, unbind = unSetCacheInvalidatorService]

!ENTRY org.eclipse.equinox.ds 4 0 2017-03-03 10:27:38.290
!MESSAGE Could not bind a reference of component org.wso2.carbon.registry.server. The reference is: Reference[name = config.context.service, interface = org.wso2.carbon.utils.ConfigurationContextService, policy = dynamic, cardinality = 0..1, target = null, bind = setConfigurationContextService, unbind = unsetConfigurationContextService]

!ENTRY org.eclipse.equinox.ds 4 0 2017-03-03 10:27:38.291
!MESSAGE Could not bind a reference of component org.wso2.carbon.registry.server. The reference is: Reference[name = config.context.service, interface = org.wso2.carbon.utils.ConfigurationContextService, policy = dynamic, cardinality = 0..1, target = null, bind = setConfigurationContextService, unbind = unsetConfigurationContextService]

!ENTRY org.eclipse.equinox.ds 4 0 2017-03-03 10:27:38.832
!MESSAGE Could not bind a reference of component org.wso2.carbon.user.core.listener. The reference is: Reference[name = authorization.manager.listener.service, interface = org.wso2.carbon.user.core.listener.AuthorizationManagerListener, policy = dynamic, cardinality = 0..n, target = null, bind = setAuthorizationManagerListenerService, unbind = unsetAuthorizationManagerListenerService]

!ENTRY org.eclipse.equinox.ds 4 0 2017-03-03 10:27:38.833
!MESSAGE Could not bind a reference of component org.wso2.carbon.user.core.listener. The reference is: Reference[name = authorization.manager.listener.service, interface = org.wso2.carbon.user.core.listener.AuthorizationManagerListener, policy = dynamic, cardinality = 0..n, target = null, bind = setAuthorizationManagerListenerService, unbind = unsetAuthorizationManagerListenerService]

!ENTRY org.eclipse.equinox.ds 4 0 2017-03-03 10:27:38.833
!MESSAGE Could not bind a reference of component org.wso2.carbon.user.core.listener. The reference is: Reference[name = user.store.manager.listener.service, interface = org.wso2.carbon.user.core.listener.UserStoreManagerListener, policy = dynamic, cardinality = 0..n, target = null, bind = setUserStoreManagerListenerService, unbind = unsetUserStoreManagerListenerService]

!ENTRY org.eclipse.equinox.ds 4 0 2017-03-03 10:27:38.833
!MESSAGE Could not bind a reference of component org.wso2.carbon.user.core.listener. The reference is: Reference[name = user.store.manager.listener.service, interface = org.wso2.carbon.user.core.listener.UserStoreManagerListener, policy = dynamic, cardinality = 0..n, target = null, bind = setUserStoreManagerListenerService, unbind = unsetUserStoreManagerListenerService]

!ENTRY org.eclipse.equinox.ds 4 0 2017-03-03 10:27:38.834
!MESSAGE Could not bind a reference of component org.wso2.carbon.user.core.listener. The reference is: Reference[name = user.operation.event.listener.service, interface = org.wso2.carbon.user.core.listener.UserOperationEventListener, policy = dynamic, cardinality = 0..n, target = null, bind = setUserOperationEventListenerService, unbind = unsetUserOperationEventListenerService]

!ENTRY org.eclipse.equinox.ds 4 0 2017-03-03 10:27:38.834
!MESSAGE Could not bind a reference of component org.wso2.carbon.user.core.listener. The reference is: Reference[name = user.operation.event.listener.service, interface = org.wso2.carbon.user.core.listener.UserOperationEventListener, policy = dynamic, cardinality = 0..n, target = null, bind = setUserOperationEventListenerService, unbind = unsetUserOperationEventListenerService]

!ENTRY org.eclipse.equinox.ds 4 0 2017-03-03 10:27:38.834
!MESSAGE Could not bind a reference of component org.wso2.carbon.user.core.listener. The reference is: Reference[name = claim.manager.listener.service, interface = org.wso2.carbon.user.core.listener.ClaimManagerListener, policy = dynamic, cardinality = 0..n, target = null, bind = setClaimManagerListenerService, unbind = unsetClaimManagerListenerService]

!ENTRY org.eclipse.equinox.ds 4 0 2017-03-03 10:27:38.835
!MESSAGE Could not bind a reference of component org.wso2.carbon.user.core.listener. The reference is: Reference[name = claim.manager.listener.service, interface = org.wso2.carbon.user.core.listener.ClaimManagerListener, policy = dynamic, cardinality = 0..n, target = null, bind = setClaimManagerListenerService, unbind = unsetClaimManagerListenerService]

!ENTRY org.eclipse.equinox.ds 4 0 2017-03-03 10:27:38.835
!MESSAGE Could not bind a reference of component org.wso2.carbon.user.core.listener. The reference is: Reference[name = ldap.tenant.manager.listener.service, interface = org.wso2.carbon.user.core.tenant.LDAPTenantManager, policy = dynamic, cardinality = 0..n, target = null, bind = addLDAPTenantManager, unbind = removeLDAPTenantManager]

!ENTRY org.eclipse.equinox.ds 4 0 2017-03-03 10:27:38.836
!MESSAGE Could not bind a reference of component org.wso2.carbon.user.core.listener. The reference is: Reference[name = ldap.tenant.manager.listener.service, interface = org.wso2.carbon.user.core.tenant.LDAPTenantManager, policy = dynamic, cardinality = 0..n, target = null, bind = addLDAPTenantManager, unbind = removeLDAPTenantManager]

!ENTRY org.eclipse.equinox.ds 4 0 2017-03-03 10:27:38.845
!MESSAGE Could not bind a reference of component user.store.mgt.dscomponent. The reference is: Reference[name = claim.mgt.component, interface = org.wso2.carbon.user.core.claim.ClaimManagerFactory, policy = dynamic, cardinality = 0..1, target = null, bind = setClaimManagerFactory, unbind = unsetClaimManagerFactory]

!ENTRY org.eclipse.equinox.ds 4 0 2017-03-03 10:27:38.845
!MESSAGE Could not bind a reference of component user.store.mgt.dscomponent. The reference is: Reference[name = claim.mgt.component, interface = org.wso2.carbon.user.core.claim.ClaimManagerFactory, policy = dynamic, cardinality = 0..1, target = null, bind = setClaimManagerFactory, unbind = unsetClaimManagerFactory]

!ENTRY org.eclipse.equinox.ds 4 0 2017-03-03 10:27:38.910
!MESSAGE Could not bind a reference of component org.wso2.carbon.context.internal.CarbonContextDiscoveryServiceComponent. The reference is: Reference[name = discoveryService, interface = org.wso2.carbon.base.DiscoveryService, policy = dynamic, cardinality = 0..1, target = null, bind = setDiscoveryService, unbind = unsetDiscoveryService]

!ENTRY org.eclipse.equinox.ds 4 0 2017-03-03 10:27:38.910
!MESSAGE Could not bind a reference of component org.wso2.carbon.context.internal.CarbonContextDiscoveryServiceComponent. The reference is: Reference[name = discoveryService, interface = org.wso2.carbon.base.DiscoveryService, policy = dynamic, cardinality = 0..1, target = null, bind = setDiscoveryService, unbind = unsetDiscoveryService]

!ENTRY org.eclipse.equinox.ds 4 0 2017-03-03 10:28:16.080
!MESSAGE Could not bind a reference of component carbon.core.dscomponent. The reference is: Reference[name = serverShutdownHandler, interface = org.wso2.carbon.core.ServerShutdownHandler, policy = dynamic, cardinality = 0..n, target = null, bind = addServerShutdownHandler, unbind = removeServerShutdownHandler]

!ENTRY org.eclipse.equinox.ds 4 0 2017-03-03 10:28:16.080
!MESSAGE Could not bind a reference of component carbon.core.dscomponent. The reference is: Reference[name = serverShutdownHandler, interface = org.wso2.carbon.core.ServerShutdownHandler, policy = dynamic, cardinality = 0..n, target = null, bind = addServerShutdownHandler, unbind = removeServerShutdownHandler]

!ENTRY org.eclipse.equinox.ds 4 0 2017-03-03 10:28:16.081
!MESSAGE Could not bind a reference of component carbon.core.dscomponent. The reference is: Reference[name = serverRestartHandler, interface = org.wso2.carbon.core.ServerRestartHandler, policy = dynamic, cardinality = 0..n, target = null, bind = addServerRestartHandler, unbind = removeServerRestartHandler]

!ENTRY org.eclipse.equinox.ds 4 0 2017-03-03 10:28:16.081
!MESSAGE Could not bind a reference of component carbon.core.dscomponent. The reference is: Reference[name = serverRestartHandler, interface = org.wso2.carbon.core.ServerRestartHandler, policy = dynamic, cardinality = 0..n, target = null, bind = addServerRestartHandler, unbind = removeServerRestartHandler]

!ENTRY org.eclipse.equinox.ds 4 0 2017-03-03 10:28:16.081
!MESSAGE Could not bind a reference of component carbon.core.dscomponent. The reference is: Reference[name = serverStartupHandler, interface = org.wso2.carbon.core.ServerStartupHandler, policy = dynamic, cardinality = 0..n, target = null, bind = addServerStartupHandler, unbind = removeServerStartupHandler]

!ENTRY org.eclipse.equinox.ds 4 0 2017-03-03 10:28:16.081
!MESSAGE Could not bind a reference of component carbon.core.dscomponent. The reference is: Reference[name = serverStartupHandler, interface = org.wso2.carbon.core.ServerStartupHandler, policy = dynamic, cardinality = 0..n, target = null, bind = addServerStartupHandler, unbind = removeServerStartupHandler]

!ENTRY org.eclipse.equinox.ds 4 0 2017-03-03 10:28:16.081
!MESSAGE Could not bind a reference of component carbon.core.dscomponent. The reference is: Reference[name = coordinatedActivity, interface = org.wso2.carbon.core.clustering.api.CoordinatedActivity, policy = dynamic, cardinality = 0..n, target = null, bind = addCoordinatedActivity, unbind = removeCoordinatedActivity]

!ENTRY org.eclipse.equinox.ds 4 0 2017-03-03 10:28:16.082
!MESSAGE Could not bind a reference of component carbon.core.dscomponent. The reference is: Reference[name = coordinatedActivity, interface = org.wso2.carbon.core.clustering.api.CoordinatedActivity, policy = dynamic, cardinality = 0..n, target = null, bind = addCoordinatedActivity, unbind = removeCoordinatedActivity]

!ENTRY org.eclipse.equinox.ds 4 0 2017-03-03 10:28:16.082
!MESSAGE Could not bind a reference of component carbon.core.dscomponent. The reference is: Reference[name = serverStartupObserver, interface = org.wso2.carbon.core.ServerStartupObserver, policy = dynamic, cardinality = 0..n, target = null, bind = addServerStartupObserver, unbind = removeServerStartupObserver]

!ENTRY org.eclipse.equinox.ds 4 0 2017-03-03 10:28:16.082
!MESSAGE Could not bind a reference of component carbon.core.dscomponent. The reference is: Reference[name = serverStartupObserver, interface = org.wso2.carbon.core.ServerStartupObserver, policy = dynamic, cardinality = 0..n, target = null, bind = addServerStartupObserver, unbind = removeServerStartupObserver]

!ENTRY org.eclipse.equinox.ds 4 0 2017-03-03 10:28:22.435
!MESSAGE Could not bind a reference of component application.deployer.dscomponent. The reference is: Reference[name = app.handler, interface = org.wso2.carbon.application.deployer.handler.AppDeploymentHandler, policy = dynamic, cardinality = 0..n, target = null, bind = setAppHandler, unbind = unsetAppHandler]

!ENTRY org.eclipse.equinox.ds 4 0 2017-03-03 10:28:22.435
!MESSAGE Could not bind a reference of component application.deployer.dscomponent. The reference is: Reference[name = app.handler, interface = org.wso2.carbon.application.deployer.handler.AppDeploymentHandler, policy = dynamic, cardinality = 0..n, target = null, bind = setAppHandler, unbind = unsetAppHandler]

!ENTRY org.eclipse.equinox.ds 4 0 2017-03-03 10:28:22.584
!MESSAGE Could not bind a reference of component org.wso2.carbon.identity.user.store.configuration.component. The reference is: Reference[name = user.store.config.event.listener.service, interface = org.wso2.carbon.identity.user.store.configuration.listener.UserStoreConfigListener, policy = dynamic, cardinality = 0..n, target = null, bind = setUserStoreConfigListenerService, unbind = unsetIdentityProviderMgtListerService]

!ENTRY org.eclipse.equinox.ds 4 0 2017-03-03 10:28:22.585
!MESSAGE Could not bind a reference of component org.wso2.carbon.identity.user.store.configuration.component. The reference is: Reference[name = user.store.config.event.listener.service, interface = org.wso2.carbon.identity.user.store.configuration.listener.UserStoreConfigListener, policy = dynamic, cardinality = 0..n, target = null, bind = setUserStoreConfigListenerService, unbind = unsetIdentityProviderMgtListerService]

!ENTRY org.eclipse.equinox.ds 4 0 2017-03-03 10:28:22.589
!MESSAGE Could not bind a reference of component identity.user.store.count.component. The reference is: Reference[name = user.store.count, interface = org.wso2.carbon.identity.user.store.count.AbstractCountRetrieverFactory, policy = dynamic, cardinality = 0..n, target = null, bind = setCountRetrieverFactory, unbind = unsetCountRetrieverFactory]

!ENTRY org.eclipse.equinox.ds 4 0 2017-03-03 10:28:22.589
!MESSAGE Could not bind a reference of component identity.user.store.count.component. The reference is: Reference[name = user.store.count, interface = org.wso2.carbon.identity.user.store.count.AbstractCountRetrieverFactory, policy = dynamic, cardinality = 0..n, target = null, bind = setCountRetrieverFactory, unbind = unsetCountRetrieverFactory]

!ENTRY org.eclipse.equinox.ds 4 0 2017-03-03 10:28:23.008
!MESSAGE Could not bind a reference of component org.wso2.carbon.andes.internal.QpidServiceComponent. The reference is: Reference[name = hazelcast.instance.service, interface = com.hazelcast.core.HazelcastInstance, policy = dynamic, cardinality = 0..1, target = null, bind = setHazelcastInstance, unbind = unsetHazelcastInstance]

!ENTRY org.eclipse.equinox.ds 4 0 2017-03-03 10:28:23.008
!MESSAGE Could not bind a reference of component org.wso2.carbon.andes.internal.QpidServiceComponent. The reference is: Reference[name = hazelcast.instance.service, interface = com.hazelcast.core.HazelcastInstance, policy = dynamic, cardinality = 0..1, target = null, bind = setHazelcastInstance, unbind = unsetHazelcastInstance]

!ENTRY org.eclipse.equinox.ds 4 0 2017-03-03 10:28:24.962
!MESSAGE Could not bind a reference of component org.wso2.carbon.tenant.mgt. The reference is: Reference[name = default.tenant.billing.service, interface = org.wso2.carbon.stratos.common.TenantBillingService, policy = dynamic, cardinality = 0..1, target = null, bind = setTenantBillingService, unbind = unsetTenantBillingService]

!ENTRY org.eclipse.equinox.ds 4 0 2017-03-03 10:28:24.963
!MESSAGE Could not bind a reference of component org.wso2.carbon.tenant.mgt. The reference is: Reference[name = default.tenant.billing.service, interface = org.wso2.carbon.stratos.common.TenantBillingService, policy = dynamic, cardinality = 0..1, target = null, bind = setTenantBillingService, unbind = unsetTenantBillingService]

!ENTRY org.eclipse.equinox.ds 4 0 2017-03-03 10:28:25.817
!MESSAGE Could not bind a reference of component core.ui.dscomponent. The reference is: Reference[name = ui.authentication.extender, interface = org.wso2.carbon.ui.UIAuthenticationExtender, policy = dynamic, cardinality = 0..1, target = null, bind = setUIAuthenticationExtender, unbind = unsetUIAuthenticationExtender]

!ENTRY org.eclipse.equinox.ds 4 0 2017-03-03 10:28:25.818
!MESSAGE Could not bind a reference of component core.ui.dscomponent. The reference is: Reference[name = ui.authentication.extender, interface = org.wso2.carbon.ui.UIAuthenticationExtender, policy = dynamic, cardinality = 0..1, target = null, bind = setUIAuthenticationExtender, unbind = unsetUIAuthenticationExtender]

!ENTRY org.eclipse.equinox.ds 4 0 2017-03-03 10:28:26.107
!MESSAGE Could not bind a reference of component org.wso2.carbon.registry.resource. The reference is: Reference[name = registry.notification.service, interface = org.wso2.carbon.registry.common.eventing.NotificationService, policy = dynamic, cardinality = 0..1, target = null, bind = setRegistryNotificationService, unbind = unsetRegistryNotificationService]

!ENTRY org.eclipse.equinox.ds 4 0 2017-03-03 10:28:26.108
!MESSAGE Could not bind a reference of component org.wso2.carbon.registry.resource. The reference is: Reference[name = registry.notification.service, interface = org.wso2.carbon.registry.common.eventing.NotificationService, policy = dynamic, cardinality = 0..1, target = null, bind = setRegistryNotificationService, unbind = unsetRegistryNotificationService]

!ENTRY org.eclipse.equinox.ds 4 0 2017-03-03 10:28:26.108
!MESSAGE Could not bind a reference of component org.wso2.carbon.registry.resource. The reference is: Reference[name = registry.download.service, interface = org.wso2.carbon.registry.resource.download.DownloadManagerService, policy = dynamic, cardinality = 0..1, target = null, bind = setDownloadManagerService, unbind = unsetDownloadManagerService]

!ENTRY org.eclipse.equinox.ds 4 0 2017-03-03 10:28:26.108
!MESSAGE Could not bind a reference of component org.wso2.carbon.registry.resource. The reference is: Reference[name = registry.download.service, interface = org.wso2.carbon.registry.resource.download.DownloadManagerService, policy = dynamic, cardinality = 0..1, target = null, bind = setDownloadManagerService, unbind = unsetDownloadManagerService]

!ENTRY org.eclipse.equinox.ds 4 0 2017-03-03 10:28:26.114
!MESSAGE Could not bind a reference of component org.wso2.carbon.registry.servlet. The reference is: Reference[name = registry.uddi, interface = org.wso2.carbon.registry.core.servlet.UDDIServlet, policy = dynamic, cardinality = 0..1, target = null, bind = setJUDDIRegistryServlet, unbind = unsetJUDDIRegistryServlet]

!ENTRY org.eclipse.equinox.ds 4 0 2017-03-03 10:28:26.114
!MESSAGE Could not bind a reference of component org.wso2.carbon.registry.servlet. The reference is: Reference[name = registry.uddi, interface = org.wso2.carbon.registry.core.servlet.UDDIServlet, policy = dynamic, cardinality = 0..1, target = null, bind = setJUDDIRegistryServlet, unbind = unsetJUDDIRegistryServlet]
