!SESSION 2017-03-06 10:42:37.498 -----------------------------------------------
eclipse.buildId=unknown
java.version=1.8.0_121
java.vendor=Oracle Corporation
BootLoader constants: OS=linux, ARCH=x86_64, WS=gtk, NL=uk_UA

!ENTRY org.eclipse.osgi 4 0 2017-03-06 10:42:37.499
!MESSAGE The -clean (osgi.clean) option was not successful. Unable to clean the storage area: /opt/eii-m-a/wso2/components/default/configuration/org.eclipse.osgi

!ENTRY org.eclipse.osgi 4 0 2017-03-06 10:42:37.514
!MESSAGE Error reading configuration: /opt/eii-m-a/wso2/components/default/configuration/org.eclipse.osgi/.manager/.fileTableLock (Permission denied)
!STACK 0
java.io.FileNotFoundException: /opt/eii-m-a/wso2/components/default/configuration/org.eclipse.osgi/.manager/.fileTableLock (Permission denied)
	at java.io.RandomAccessFile.open0(Native Method)
	at java.io.RandomAccessFile.open(RandomAccessFile.java:316)
	at java.io.RandomAccessFile.<init>(RandomAccessFile.java:243)
	at org.eclipse.core.runtime.internal.adaptor.Locker_JavaNio.lock(Locker_JavaNio.java:33)
	at org.eclipse.osgi.storagemanager.StorageManager.lock(StorageManager.java:389)
	at org.eclipse.osgi.storagemanager.StorageManager.open(StorageManager.java:702)
	at org.eclipse.osgi.internal.baseadaptor.BaseStorage.initFileManager(BaseStorage.java:226)
	at org.eclipse.osgi.internal.baseadaptor.BaseStorage.initialize(BaseStorage.java:160)
	at org.eclipse.osgi.baseadaptor.BaseAdaptor.initializeStorage(BaseAdaptor.java:123)
	at org.eclipse.osgi.framework.internal.core.Framework.<init>(Framework.java:192)
	at org.eclipse.core.runtime.adaptor.EclipseStarter.startup(EclipseStarter.java:263)
	at sun.reflect.NativeMethodAccessorImpl.invoke0(Native Method)
	at sun.reflect.NativeMethodAccessorImpl.invoke(NativeMethodAccessorImpl.java:62)
	at sun.reflect.DelegatingMethodAccessorImpl.invoke(DelegatingMethodAccessorImpl.java:43)
	at java.lang.reflect.Method.invoke(Method.java:498)
	at org.wso2.carbon.server.CarbonLauncher.launch(CarbonLauncher.java:108)
	at org.wso2.carbon.server.Main.launchCarbon(Main.java:160)
	at org.wso2.carbon.server.Main.main(Main.java:94)
	at sun.reflect.NativeMethodAccessorImpl.invoke0(Native Method)
	at sun.reflect.NativeMethodAccessorImpl.invoke(NativeMethodAccessorImpl.java:62)
	at sun.reflect.DelegatingMethodAccessorImpl.invoke(DelegatingMethodAccessorImpl.java:43)
	at java.lang.reflect.Method.invoke(Method.java:498)
	at org.wso2.carbon.bootstrap.Bootstrap.loadClass(Bootstrap.java:63)
	at org.wso2.carbon.bootstrap.Bootstrap.main(Bootstrap.java:45)
