TID: [-1] [] [2017-04-14 00:02:16,979]  INFO {org.wso2.andes.kernel.AndesRecoveryTask} -  Running DB sync task. 
TID: [-1] [] [2017-04-14 00:17:16,979]  INFO {org.wso2.andes.kernel.AndesRecoveryTask} -  Running DB sync task. 
TID: [-1] [] [2017-04-14 00:32:16,979]  INFO {org.wso2.andes.kernel.AndesRecoveryTask} -  Running DB sync task. 
TID: [-1] [] [2017-04-14 00:47:16,979]  INFO {org.wso2.andes.kernel.AndesRecoveryTask} -  Running DB sync task. 
TID: [-1] [] [2017-04-14 01:02:16,979]  INFO {org.wso2.andes.kernel.AndesRecoveryTask} -  Running DB sync task. 
TID: [-1] [] [2017-04-14 01:17:16,979]  INFO {org.wso2.andes.kernel.AndesRecoveryTask} -  Running DB sync task. 
TID: [-1] [] [2017-04-14 01:32:16,979]  INFO {org.wso2.andes.kernel.AndesRecoveryTask} -  Running DB sync task. 
TID: [-1] [] [2017-04-14 01:47:16,979]  INFO {org.wso2.andes.kernel.AndesRecoveryTask} -  Running DB sync task. 
TID: [-1] [] [2017-04-14 02:02:16,979]  INFO {org.wso2.andes.kernel.AndesRecoveryTask} -  Running DB sync task. 
TID: [-1] [] [2017-04-14 02:17:16,979]  INFO {org.wso2.andes.kernel.AndesRecoveryTask} -  Running DB sync task. 
TID: [-1] [] [2017-04-14 02:32:16,979]  INFO {org.wso2.andes.kernel.AndesRecoveryTask} -  Running DB sync task. 
TID: [-1] [] [2017-04-14 02:47:16,979]  INFO {org.wso2.andes.kernel.AndesRecoveryTask} -  Running DB sync task. 
TID: [-1] [] [2017-04-14 03:02:16,990]  INFO {org.wso2.andes.kernel.AndesRecoveryTask} -  Running DB sync task. 
TID: [-1] [] [2017-04-14 03:17:16,979]  INFO {org.wso2.andes.kernel.AndesRecoveryTask} -  Running DB sync task. 
TID: [-1] [] [2017-04-14 03:32:16,979]  INFO {org.wso2.andes.kernel.AndesRecoveryTask} -  Running DB sync task. 
TID: [-1] [] [2017-04-14 03:47:16,979]  INFO {org.wso2.andes.kernel.AndesRecoveryTask} -  Running DB sync task. 
TID: [-1] [] [2017-04-14 04:02:16,979]  INFO {org.wso2.andes.kernel.AndesRecoveryTask} -  Running DB sync task. 
TID: [-1] [] [2017-04-14 04:17:16,979]  INFO {org.wso2.andes.kernel.AndesRecoveryTask} -  Running DB sync task. 
TID: [-1] [] [2017-04-14 04:32:16,979]  INFO {org.wso2.andes.kernel.AndesRecoveryTask} -  Running DB sync task. 
TID: [-1] [] [2017-04-14 04:47:16,979]  INFO {org.wso2.andes.kernel.AndesRecoveryTask} -  Running DB sync task. 
TID: [-1] [] [2017-04-14 05:02:16,979]  INFO {org.wso2.andes.kernel.AndesRecoveryTask} -  Running DB sync task. 
TID: [-1] [] [2017-04-14 05:17:16,979]  INFO {org.wso2.andes.kernel.AndesRecoveryTask} -  Running DB sync task. 
TID: [-1] [] [2017-04-14 05:32:16,979]  INFO {org.wso2.andes.kernel.AndesRecoveryTask} -  Running DB sync task. 
TID: [-1] [] [2017-04-14 05:47:16,979]  INFO {org.wso2.andes.kernel.AndesRecoveryTask} -  Running DB sync task. 
TID: [-1] [] [2017-04-14 06:02:16,979]  INFO {org.wso2.andes.kernel.AndesRecoveryTask} -  Running DB sync task. 
TID: [-1] [] [2017-04-14 06:17:16,979]  INFO {org.wso2.andes.kernel.AndesRecoveryTask} -  Running DB sync task. 
TID: [-1] [] [2017-04-14 06:32:16,979]  INFO {org.wso2.andes.kernel.AndesRecoveryTask} -  Running DB sync task. 
TID: [-1] [] [2017-04-14 06:47:16,979]  INFO {org.wso2.andes.kernel.AndesRecoveryTask} -  Running DB sync task. 
TID: [-1] [] [2017-04-14 07:02:16,979]  INFO {org.wso2.andes.kernel.AndesRecoveryTask} -  Running DB sync task. 
TID: [-1] [] [2017-04-14 07:17:16,979]  INFO {org.wso2.andes.kernel.AndesRecoveryTask} -  Running DB sync task. 
TID: [-1] [] [2017-04-14 07:32:16,980]  INFO {org.wso2.andes.kernel.AndesRecoveryTask} -  Running DB sync task. 
TID: [-1] [] [2017-04-14 07:47:16,979]  INFO {org.wso2.andes.kernel.AndesRecoveryTask} -  Running DB sync task. 
TID: [-1] [] [2017-04-14 08:02:16,979]  INFO {org.wso2.andes.kernel.AndesRecoveryTask} -  Running DB sync task. 
TID: [-1] [] [2017-04-14 08:17:16,979]  INFO {org.wso2.andes.kernel.AndesRecoveryTask} -  Running DB sync task. 
TID: [-1] [] [2017-04-14 08:32:16,979]  INFO {org.wso2.andes.kernel.AndesRecoveryTask} -  Running DB sync task. 
TID: [-1] [] [2017-04-14 08:47:16,979]  INFO {org.wso2.andes.kernel.AndesRecoveryTask} -  Running DB sync task. 
TID: [-1234] [] [2017-04-14 09:01:18,771]  WARN {org.wso2.carbon.core.services.util.CarbonAuthenticationUtil} -  Failed Administrator login attempt 'admin[-1234]' at [2017-04-14 09:01:18,769+0300] 
TID: [-1] [] [2017-04-14 09:02:16,979]  INFO {org.wso2.andes.kernel.AndesRecoveryTask} -  Running DB sync task. 
TID: [-1] [] [2017-04-14 09:17:16,979]  INFO {org.wso2.andes.kernel.AndesRecoveryTask} -  Running DB sync task. 
TID: [-1] [] [2017-04-14 09:32:16,981]  INFO {org.wso2.andes.kernel.AndesRecoveryTask} -  Running DB sync task. 
TID: [-1234] [] [2017-04-14 09:44:54,082]  INFO {org.wso2.andes.server.handler.ConnectionCloseMethodHandler} -  ConnectionClose received with reply code/reply text 200/JMS client is closing the connection. for /10.49.40.202:35610(jndi_user) 
TID: [-1234] [] [2017-04-14 09:44:55,270]  INFO {org.wso2.andes.server.handler.ConnectionStartOkMethodHandler} -  SASL Mechanism selected: PLAIN 
TID: [-1234] [] [2017-04-14 09:44:55,271]  INFO {org.wso2.andes.server.handler.ConnectionStartOkMethodHandler} -  Locale selected: en_US 
TID: [-1234] [] [2017-04-14 09:44:55,274]  INFO {org.wso2.andes.server.handler.ConnectionStartOkMethodHandler} -  Connected as: jndi_user 
TID: [-1234] [] [2017-04-14 09:44:55,275]  INFO {org.wso2.andes.server.handler.ConnectionStartOkMethodHandler} -  Framesize set to 65535 
TID: [-1] [] [2017-04-14 09:47:16,979]  INFO {org.wso2.andes.kernel.AndesRecoveryTask} -  Running DB sync task. 
TID: [-1234] [] [2017-04-14 09:49:57,970]  INFO {org.wso2.andes.server.handler.ConnectionStartOkMethodHandler} -  SASL Mechanism selected: PLAIN 
TID: [-1234] [] [2017-04-14 09:49:57,971]  INFO {org.wso2.andes.server.handler.ConnectionStartOkMethodHandler} -  Locale selected: en_US 
TID: [-1234] [] [2017-04-14 09:49:57,973]  INFO {org.wso2.andes.server.handler.ConnectionStartOkMethodHandler} -  Connected as: jndi_user 
TID: [-1234] [] [2017-04-14 09:49:57,974]  INFO {org.wso2.andes.server.handler.ConnectionStartOkMethodHandler} -  Framesize set to 65535 
TID: [-1234] [] [2017-04-14 09:49:58,421]  INFO {org.wso2.andes.server.handler.ConnectionStartOkMethodHandler} -  SASL Mechanism selected: PLAIN 
TID: [-1234] [] [2017-04-14 09:49:58,422]  INFO {org.wso2.andes.server.handler.ConnectionStartOkMethodHandler} -  Locale selected: en_US 
TID: [-1234] [] [2017-04-14 09:49:58,424]  INFO {org.wso2.andes.server.handler.ConnectionStartOkMethodHandler} -  Connected as: jndi_user 
TID: [-1234] [] [2017-04-14 09:49:58,425]  INFO {org.wso2.andes.server.handler.ConnectionStartOkMethodHandler} -  Framesize set to 65535 
TID: [-1234] [] [2017-04-14 09:49:58,871]  INFO {org.wso2.andes.server.handler.ConnectionStartOkMethodHandler} -  SASL Mechanism selected: PLAIN 
TID: [-1234] [] [2017-04-14 09:49:58,872]  INFO {org.wso2.andes.server.handler.ConnectionStartOkMethodHandler} -  Locale selected: en_US 
TID: [-1234] [] [2017-04-14 09:49:58,874]  INFO {org.wso2.andes.server.handler.ConnectionStartOkMethodHandler} -  Connected as: jndi_user 
TID: [-1234] [] [2017-04-14 09:49:58,875]  INFO {org.wso2.andes.server.handler.ConnectionStartOkMethodHandler} -  Framesize set to 65535 
TID: [-1234] [] [2017-04-14 09:49:59,154]  INFO {org.wso2.andes.server.handler.ConnectionStartOkMethodHandler} -  SASL Mechanism selected: PLAIN 
TID: [-1234] [] [2017-04-14 09:49:59,155]  INFO {org.wso2.andes.server.handler.ConnectionStartOkMethodHandler} -  Locale selected: en_US 
TID: [-1234] [] [2017-04-14 09:49:59,159]  INFO {org.wso2.andes.server.handler.ConnectionStartOkMethodHandler} -  Connected as: jndi_user 
TID: [-1234] [] [2017-04-14 09:49:59,159]  INFO {org.wso2.andes.server.handler.ConnectionStartOkMethodHandler} -  Framesize set to 65535 
TID: [-1234] [] [2017-04-14 09:49:59,428]  INFO {org.wso2.andes.server.handler.ConnectionStartOkMethodHandler} -  SASL Mechanism selected: PLAIN 
TID: [-1234] [] [2017-04-14 09:49:59,429]  INFO {org.wso2.andes.server.handler.ConnectionStartOkMethodHandler} -  Locale selected: en_US 
TID: [-1234] [] [2017-04-14 09:49:59,431]  INFO {org.wso2.andes.server.handler.ConnectionStartOkMethodHandler} -  Connected as: jndi_user 
TID: [-1234] [] [2017-04-14 09:49:59,431]  INFO {org.wso2.andes.server.handler.ConnectionStartOkMethodHandler} -  Framesize set to 65535 
TID: [-1234] [] [2017-04-14 09:49:59,745]  INFO {org.wso2.andes.server.handler.ConnectionStartOkMethodHandler} -  SASL Mechanism selected: PLAIN 
TID: [-1234] [] [2017-04-14 09:49:59,746]  INFO {org.wso2.andes.server.handler.ConnectionStartOkMethodHandler} -  Locale selected: en_US 
TID: [-1234] [] [2017-04-14 09:49:59,748]  INFO {org.wso2.andes.server.handler.ConnectionStartOkMethodHandler} -  Connected as: jndi_user 
TID: [-1234] [] [2017-04-14 09:49:59,749]  INFO {org.wso2.andes.server.handler.ConnectionStartOkMethodHandler} -  Framesize set to 65535 
TID: [-1] [] [2017-04-14 10:02:16,979]  INFO {org.wso2.andes.kernel.AndesRecoveryTask} -  Running DB sync task. 
TID: [-1] [] [2017-04-14 10:17:16,979]  INFO {org.wso2.andes.kernel.AndesRecoveryTask} -  Running DB sync task. 
TID: [-1] [] [2017-04-14 10:32:16,979]  INFO {org.wso2.andes.kernel.AndesRecoveryTask} -  Running DB sync task. 
TID: [-1234] [] [2017-04-14 10:36:07,197]  INFO {org.wso2.andes.server.handler.ConnectionStartOkMethodHandler} -  SASL Mechanism selected: PLAIN 
TID: [-1234] [] [2017-04-14 10:36:07,198]  INFO {org.wso2.andes.server.handler.ConnectionStartOkMethodHandler} -  Locale selected: en_US 
TID: [-1234] [] [2017-04-14 10:36:07,201]  INFO {org.wso2.andes.server.handler.ConnectionStartOkMethodHandler} -  Connected as: jndi_user 
TID: [-1234] [] [2017-04-14 10:36:07,201]  INFO {org.wso2.andes.server.handler.ConnectionStartOkMethodHandler} -  Framesize set to 65535 
TID: [-1234] [] [2017-04-14 10:36:07,627]  INFO {org.wso2.andes.server.handler.ConnectionStartOkMethodHandler} -  SASL Mechanism selected: PLAIN 
TID: [-1234] [] [2017-04-14 10:36:07,627]  INFO {org.wso2.andes.server.handler.ConnectionStartOkMethodHandler} -  Locale selected: en_US 
TID: [-1234] [] [2017-04-14 10:36:07,630]  INFO {org.wso2.andes.server.handler.ConnectionStartOkMethodHandler} -  Connected as: jndi_user 
TID: [-1234] [] [2017-04-14 10:36:07,630]  INFO {org.wso2.andes.server.handler.ConnectionStartOkMethodHandler} -  Framesize set to 65535 
TID: [-1234] [] [2017-04-14 10:36:08,011]  INFO {org.wso2.andes.server.handler.ConnectionStartOkMethodHandler} -  SASL Mechanism selected: PLAIN 
TID: [-1234] [] [2017-04-14 10:36:08,012]  INFO {org.wso2.andes.server.handler.ConnectionStartOkMethodHandler} -  Locale selected: en_US 
TID: [-1234] [] [2017-04-14 10:36:08,014]  INFO {org.wso2.andes.server.handler.ConnectionStartOkMethodHandler} -  Connected as: jndi_user 
TID: [-1234] [] [2017-04-14 10:36:08,014]  INFO {org.wso2.andes.server.handler.ConnectionStartOkMethodHandler} -  Framesize set to 65535 
TID: [-1234] [] [2017-04-14 10:36:08,405]  INFO {org.wso2.andes.server.handler.ConnectionStartOkMethodHandler} -  SASL Mechanism selected: PLAIN 
TID: [-1234] [] [2017-04-14 10:36:08,405]  INFO {org.wso2.andes.server.handler.ConnectionStartOkMethodHandler} -  Locale selected: en_US 
TID: [-1234] [] [2017-04-14 10:36:08,407]  INFO {org.wso2.andes.server.handler.ConnectionStartOkMethodHandler} -  Connected as: jndi_user 
TID: [-1234] [] [2017-04-14 10:36:08,408]  INFO {org.wso2.andes.server.handler.ConnectionStartOkMethodHandler} -  Framesize set to 65535 
TID: [-1234] [] [2017-04-14 10:36:08,676]  INFO {org.wso2.andes.server.handler.ConnectionStartOkMethodHandler} -  SASL Mechanism selected: PLAIN 
TID: [-1234] [] [2017-04-14 10:36:08,676]  INFO {org.wso2.andes.server.handler.ConnectionStartOkMethodHandler} -  Locale selected: en_US 
TID: [-1234] [] [2017-04-14 10:36:08,678]  INFO {org.wso2.andes.server.handler.ConnectionStartOkMethodHandler} -  Connected as: jndi_user 
TID: [-1234] [] [2017-04-14 10:36:08,679]  INFO {org.wso2.andes.server.handler.ConnectionStartOkMethodHandler} -  Framesize set to 65535 
TID: [-1234] [] [2017-04-14 10:36:09,101]  INFO {org.wso2.andes.server.handler.ConnectionStartOkMethodHandler} -  SASL Mechanism selected: PLAIN 
TID: [-1234] [] [2017-04-14 10:36:09,102]  INFO {org.wso2.andes.server.handler.ConnectionStartOkMethodHandler} -  Locale selected: en_US 
TID: [-1234] [] [2017-04-14 10:36:09,104]  INFO {org.wso2.andes.server.handler.ConnectionStartOkMethodHandler} -  Connected as: jndi_user 
TID: [-1234] [] [2017-04-14 10:36:09,104]  INFO {org.wso2.andes.server.handler.ConnectionStartOkMethodHandler} -  Framesize set to 65535 
TID: [-1234] [] [2017-04-14 10:44:06,078]  INFO {org.wso2.andes.server.handler.ConnectionStartOkMethodHandler} -  SASL Mechanism selected: PLAIN 
TID: [-1234] [] [2017-04-14 10:44:06,079]  INFO {org.wso2.andes.server.handler.ConnectionStartOkMethodHandler} -  Locale selected: en_US 
TID: [-1234] [] [2017-04-14 10:44:06,080]  INFO {org.wso2.andes.server.handler.ConnectionStartOkMethodHandler} -  Connected as: jndi_user 
TID: [-1234] [] [2017-04-14 10:44:06,081]  INFO {org.wso2.andes.server.handler.ConnectionStartOkMethodHandler} -  Framesize set to 65535 
TID: [-1234] [] [2017-04-14 10:44:06,422]  INFO {org.wso2.andes.server.handler.ConnectionStartOkMethodHandler} -  SASL Mechanism selected: PLAIN 
TID: [-1234] [] [2017-04-14 10:44:06,422]  INFO {org.wso2.andes.server.handler.ConnectionStartOkMethodHandler} -  Locale selected: en_US 
TID: [-1234] [] [2017-04-14 10:44:06,425]  INFO {org.wso2.andes.server.handler.ConnectionStartOkMethodHandler} -  Connected as: jndi_user 
TID: [-1234] [] [2017-04-14 10:44:06,426]  INFO {org.wso2.andes.server.handler.ConnectionStartOkMethodHandler} -  Framesize set to 65535 
TID: [-1234] [] [2017-04-14 10:44:06,859]  INFO {org.wso2.andes.server.handler.ConnectionStartOkMethodHandler} -  SASL Mechanism selected: PLAIN 
TID: [-1234] [] [2017-04-14 10:44:06,860]  INFO {org.wso2.andes.server.handler.ConnectionStartOkMethodHandler} -  Locale selected: en_US 
TID: [-1234] [] [2017-04-14 10:44:06,864]  INFO {org.wso2.andes.server.handler.ConnectionStartOkMethodHandler} -  Connected as: jndi_user 
TID: [-1234] [] [2017-04-14 10:44:06,864]  INFO {org.wso2.andes.server.handler.ConnectionStartOkMethodHandler} -  Framesize set to 65535 
TID: [-1234] [] [2017-04-14 10:44:07,232]  INFO {org.wso2.andes.server.handler.ConnectionStartOkMethodHandler} -  SASL Mechanism selected: PLAIN 
TID: [-1234] [] [2017-04-14 10:44:07,233]  INFO {org.wso2.andes.server.handler.ConnectionStartOkMethodHandler} -  Locale selected: en_US 
TID: [-1234] [] [2017-04-14 10:44:07,235]  INFO {org.wso2.andes.server.handler.ConnectionStartOkMethodHandler} -  Connected as: jndi_user 
TID: [-1234] [] [2017-04-14 10:44:07,236]  INFO {org.wso2.andes.server.handler.ConnectionStartOkMethodHandler} -  Framesize set to 65535 
TID: [-1234] [] [2017-04-14 10:44:07,522]  INFO {org.wso2.andes.server.handler.ConnectionStartOkMethodHandler} -  SASL Mechanism selected: PLAIN 
TID: [-1234] [] [2017-04-14 10:44:07,522]  INFO {org.wso2.andes.server.handler.ConnectionStartOkMethodHandler} -  Locale selected: en_US 
TID: [-1234] [] [2017-04-14 10:44:07,524]  INFO {org.wso2.andes.server.handler.ConnectionStartOkMethodHandler} -  Connected as: jndi_user 
TID: [-1234] [] [2017-04-14 10:44:07,525]  INFO {org.wso2.andes.server.handler.ConnectionStartOkMethodHandler} -  Framesize set to 65535 
TID: [-1234] [] [2017-04-14 10:44:08,072]  INFO {org.wso2.andes.server.handler.ConnectionStartOkMethodHandler} -  SASL Mechanism selected: PLAIN 
TID: [-1234] [] [2017-04-14 10:44:08,073]  INFO {org.wso2.andes.server.handler.ConnectionStartOkMethodHandler} -  Locale selected: en_US 
TID: [-1234] [] [2017-04-14 10:44:08,075]  INFO {org.wso2.andes.server.handler.ConnectionStartOkMethodHandler} -  Connected as: jndi_user 
TID: [-1234] [] [2017-04-14 10:44:08,076]  INFO {org.wso2.andes.server.handler.ConnectionStartOkMethodHandler} -  Framesize set to 65535 
TID: [-1] [] [2017-04-14 10:47:16,979]  INFO {org.wso2.andes.kernel.AndesRecoveryTask} -  Running DB sync task. 
TID: [-1234] [] [2017-04-14 10:56:54,959]  INFO {org.wso2.andes.server.handler.ConnectionCloseMethodHandler} -  ConnectionClose received with reply code/reply text 200/JMS client is closing the connection. for /10.49.40.202:40068(jndi_user) 
TID: [-1234] [] [2017-04-14 10:56:56,173]  INFO {org.wso2.andes.server.handler.ConnectionStartOkMethodHandler} -  SASL Mechanism selected: PLAIN 
TID: [-1234] [] [2017-04-14 10:56:56,174]  INFO {org.wso2.andes.server.handler.ConnectionStartOkMethodHandler} -  Locale selected: en_US 
TID: [-1234] [] [2017-04-14 10:56:56,176]  INFO {org.wso2.andes.server.handler.ConnectionStartOkMethodHandler} -  Connected as: jndi_user 
TID: [-1234] [] [2017-04-14 10:56:56,176]  INFO {org.wso2.andes.server.handler.ConnectionStartOkMethodHandler} -  Framesize set to 65535 
TID: [-1234] [] [2017-04-14 10:57:42,673]  INFO {org.wso2.andes.server.handler.ConnectionCloseMethodHandler} -  ConnectionClose received with reply code/reply text 200/JMS client is closing the connection. for /10.49.40.202:40188(jndi_user) 
TID: [-1234] [] [2017-04-14 10:57:43,866]  INFO {org.wso2.andes.server.handler.ConnectionStartOkMethodHandler} -  SASL Mechanism selected: PLAIN 
TID: [-1234] [] [2017-04-14 10:57:43,867]  INFO {org.wso2.andes.server.handler.ConnectionStartOkMethodHandler} -  Locale selected: en_US 
TID: [-1234] [] [2017-04-14 10:57:43,869]  INFO {org.wso2.andes.server.handler.ConnectionStartOkMethodHandler} -  Connected as: jndi_user 
TID: [-1234] [] [2017-04-14 10:57:43,870]  INFO {org.wso2.andes.server.handler.ConnectionStartOkMethodHandler} -  Framesize set to 65535 
TID: [-1] [] [2017-04-14 11:02:16,979]  INFO {org.wso2.andes.kernel.AndesRecoveryTask} -  Running DB sync task. 
TID: [-1234] [] [2017-04-14 11:06:00,456]  INFO {org.wso2.andes.server.handler.ConnectionCloseMethodHandler} -  ConnectionClose received with reply code/reply text 200/JMS client is closing the connection. for /10.49.40.202:40208(jndi_user) 
TID: [-1234] [] [2017-04-14 11:06:01,635]  INFO {org.wso2.andes.server.handler.ConnectionStartOkMethodHandler} -  SASL Mechanism selected: PLAIN 
TID: [-1234] [] [2017-04-14 11:06:01,636]  INFO {org.wso2.andes.server.handler.ConnectionStartOkMethodHandler} -  Locale selected: en_US 
TID: [-1234] [] [2017-04-14 11:06:01,639]  INFO {org.wso2.andes.server.handler.ConnectionStartOkMethodHandler} -  Connected as: jndi_user 
TID: [-1234] [] [2017-04-14 11:06:01,639]  INFO {org.wso2.andes.server.handler.ConnectionStartOkMethodHandler} -  Framesize set to 65535 
TID: [-1234] [] [2017-04-14 11:08:48,208]  INFO {org.wso2.andes.server.handler.ConnectionCloseMethodHandler} -  ConnectionClose received with reply code/reply text 200/JMS client is closing the connection. for /10.49.40.202:40338(jndi_user) 
TID: [-1234] [] [2017-04-14 11:08:49,394]  INFO {org.wso2.andes.server.handler.ConnectionStartOkMethodHandler} -  SASL Mechanism selected: PLAIN 
TID: [-1234] [] [2017-04-14 11:08:49,395]  INFO {org.wso2.andes.server.handler.ConnectionStartOkMethodHandler} -  Locale selected: en_US 
TID: [-1234] [] [2017-04-14 11:08:49,397]  INFO {org.wso2.andes.server.handler.ConnectionStartOkMethodHandler} -  Connected as: jndi_user 
TID: [-1234] [] [2017-04-14 11:08:49,398]  INFO {org.wso2.andes.server.handler.ConnectionStartOkMethodHandler} -  Framesize set to 65535 
TID: [-1] [] [2017-04-14 11:17:16,979]  INFO {org.wso2.andes.kernel.AndesRecoveryTask} -  Running DB sync task. 
TID: [-1234] [] [2017-04-14 11:19:21,047]  INFO {org.wso2.andes.server.handler.ConnectionCloseMethodHandler} -  ConnectionClose received with reply code/reply text 200/JMS client is closing the connection. for /10.49.40.202:40390(jndi_user) 
TID: [-1234] [] [2017-04-14 11:19:22,236]  INFO {org.wso2.andes.server.handler.ConnectionStartOkMethodHandler} -  SASL Mechanism selected: PLAIN 
TID: [-1234] [] [2017-04-14 11:19:22,236]  INFO {org.wso2.andes.server.handler.ConnectionStartOkMethodHandler} -  Locale selected: en_US 
TID: [-1234] [] [2017-04-14 11:19:22,238]  INFO {org.wso2.andes.server.handler.ConnectionStartOkMethodHandler} -  Connected as: jndi_user 
TID: [-1234] [] [2017-04-14 11:19:22,239]  INFO {org.wso2.andes.server.handler.ConnectionStartOkMethodHandler} -  Framesize set to 65535 
TID: [-1234] [] [2017-04-14 11:28:08,747]  INFO {org.wso2.andes.server.handler.ConnectionCloseMethodHandler} -  ConnectionClose received with reply code/reply text 200/JMS client is closing the connection. for /10.49.40.202:40552(jndi_user) 
TID: [-1234] [] [2017-04-14 11:28:09,973]  INFO {org.wso2.andes.server.handler.ConnectionStartOkMethodHandler} -  SASL Mechanism selected: PLAIN 
TID: [-1234] [] [2017-04-14 11:28:09,973]  INFO {org.wso2.andes.server.handler.ConnectionStartOkMethodHandler} -  Locale selected: en_US 
TID: [-1234] [] [2017-04-14 11:28:09,976]  INFO {org.wso2.andes.server.handler.ConnectionStartOkMethodHandler} -  Connected as: jndi_user 
TID: [-1234] [] [2017-04-14 11:28:09,976]  INFO {org.wso2.andes.server.handler.ConnectionStartOkMethodHandler} -  Framesize set to 65535 
TID: [-1] [] [2017-04-14 11:32:16,981]  INFO {org.wso2.andes.kernel.AndesRecoveryTask} -  Running DB sync task. 
TID: [-1234] [] [2017-04-14 11:34:26,584]  INFO {org.wso2.andes.server.handler.ConnectionCloseMethodHandler} -  ConnectionClose received with reply code/reply text 200/JMS client is closing the connection. for /10.49.40.202:40700(jndi_user) 
TID: [-1234] [] [2017-04-14 11:34:27,750]  INFO {org.wso2.andes.server.handler.ConnectionStartOkMethodHandler} -  SASL Mechanism selected: PLAIN 
TID: [-1234] [] [2017-04-14 11:34:27,751]  INFO {org.wso2.andes.server.handler.ConnectionStartOkMethodHandler} -  Locale selected: en_US 
TID: [-1234] [] [2017-04-14 11:34:27,753]  INFO {org.wso2.andes.server.handler.ConnectionStartOkMethodHandler} -  Connected as: jndi_user 
TID: [-1234] [] [2017-04-14 11:34:27,754]  INFO {org.wso2.andes.server.handler.ConnectionStartOkMethodHandler} -  Framesize set to 65535 
